<?xml version="1.0" encoding="UTF-8"?>
<!-- Generated by org.testng.reporters.JUnitReportReporter -->
<testsuite hostname="vasu-PC" name="com.selenium.testng.Annotationstest2" tests="2" failures="0" timestamp="17 Feb 2020 01:45:34 GMT" time="0.025" errors="0">
  <testcase name="method2" time="0.002" classname="com.selenium.testng.Annotationstest2"/>
  <testcase name="method1" time="0.023" classname="com.selenium.testng.Annotationstest2"/>
</testsuite> <!-- com.selenium.testng.Annotationstest2 -->
