<?xml version="1.0" encoding="UTF-8"?>
<!-- Generated by org.testng.reporters.JUnitReportReporter -->
<testsuite hostname="vasu-PC" name="com.selenium.testng.SampleTestNgTest" tests="1" failures="0" timestamp="24 Feb 2020 01:47:53 GMT" time="0.032" errors="0">
  <testcase name="gitSample" time="0.032" classname="com.selenium.testng.SampleTestNgTest"/>
</testsuite> <!-- com.selenium.testng.SampleTestNgTest -->
