<?xml version="1.0" encoding="UTF-8"?>
<!-- Generated by org.testng.reporters.JUnitReportReporter -->
<testsuite hostname="vasu-PC" name="com.selenium.testng.Parameterization" tests="2" failures="0" timestamp="18 Feb 2020 01:43:22 GMT" time="0.028" errors="0">
  <testcase name="adminLogin" time="0.001" classname="com.selenium.testng.Parameterization"/>
  <testcase name="adminLogin" time="0.027" classname="com.selenium.testng.Parameterization"/>
</testsuite> <!-- com.selenium.testng.Parameterization -->
