<?xml version="1.0" encoding="UTF-8"?>
<!-- Generated by org.testng.reporters.JUnitReportReporter -->
<testsuite hostname="vasu-PC" name="com.selenium.testng.AdminLoginTest" tests="1" failures="0" timestamp="18 Feb 2020 01:13:35 GMT" time="16.517" errors="0">
  <testcase name="adminLogin" time="16.517" classname="com.selenium.testng.AdminLoginTest"/>
</testsuite> <!-- com.selenium.testng.AdminLoginTest -->
