<?xml version="1.0" encoding="UTF-8"?>
<!-- Generated by org.testng.reporters.JUnitReportReporter -->
<testsuite hostname="vasu-PC" name="com.selenium.testng.FirstTestNg" tests="1" failures="0" timestamp="17 Feb 2020 01:18:08 GMT" time="0.021" errors="0">
  <testcase name="sample" time="0.021" classname="com.selenium.testng.FirstTestNg"/>
</testsuite> <!-- com.selenium.testng.FirstTestNg -->
