<?xml version="1.0" encoding="UTF-8"?>
<!-- Generated by org.testng.reporters.JUnitReportReporter -->
<testsuite hostname="vasu-PC" name="com.selenium.testng.MultipleTestCases" tests="3" failures="0" timestamp="17 Feb 2020 01:33:23 GMT" time="0.034" errors="0">
  <testcase name="appLogin" time="0.002" classname="com.selenium.testng.MultipleTestCases"/>
  <testcase name="appLaunch" time="0.001" classname="com.selenium.testng.MultipleTestCases"/>
  <testcase name="appClose" time="0.031" classname="com.selenium.testng.MultipleTestCases"/>
</testsuite> <!-- com.selenium.testng.MultipleTestCases -->
