<?xml version="1.0" encoding="UTF-8"?>
<!-- Generated by org.testng.reporters.JUnitReportReporter -->
<testsuite hostname="vasu-PC" name="com.selenium.testng.BranchCreation" tests="2" failures="0" timestamp="18 Feb 2020 01:48:17 GMT" time="56.906" errors="0">
  <testcase name="branchCreation" time="34.339" classname="com.selenium.testng.BranchCreation"/>
  <testcase name="branchCreation" time="22.567" classname="com.selenium.testng.BranchCreation"/>
</testsuite> <!-- com.selenium.testng.BranchCreation -->
