<?xml version="1.0" encoding="UTF-8"?>
<!-- Generated by org.testng.reporters.JUnitReportReporter -->
<testsuite hostname="vasu-PC" name="com.selenium.testng.Annotationtest1" tests="2" failures="0" timestamp="18 Feb 2020 01:25:34 GMT" time="0.023" errors="0">
  <testcase name="method1" time="0.015" classname="com.selenium.testng.Annotationtest1"/>
  <testcase name="method2" time="0.008" classname="com.selenium.testng.Annotationtest1"/>
</testsuite> <!-- com.selenium.testng.Annotationtest1 -->
